"17-09-2021 [restartedMain] INFO  c.p.SpringJpaPostgresHibernateApplication - Starting SpringJpaPostgresHibernateApplication using Java 16.0.2 on NoteBookIBM with PID 14404 (C:\workspaceIBM\SpringJPA-Postgres-Hibernate\target\classes started by LVTT1W631 in C:\workspaceIBM\SpringJPA-Postgres-Hibernate)
""17-09-2021 [restartedMain] INFO  c.p.SpringJpaPostgresHibernateApplication - No active profile set, falling back to default profiles: default
""17-09-2021 [restartedMain] INFO  o.s.d.r.c.RepositoryConfigurationDelegate - Bootstrapping Spring Data JPA repositories in DEFAULT mode.
""17-09-2021 [restartedMain] INFO  o.s.d.r.c.RepositoryConfigurationDelegate - Finished Spring Data repository scanning in 175 ms. Found 1 JPA repository interfaces.
""17-09-2021 [restartedMain] INFO  o.s.b.w.e.tomcat.TomcatWebServer - Tomcat initialized with port(s): 8080 (http)
""17-09-2021 [restartedMain] INFO  o.a.catalina.core.StandardService - Starting service [Tomcat]
""17-09-2021 [restartedMain] INFO  o.a.catalina.core.StandardEngine - Starting Servlet engine: [Apache Tomcat/9.0.52]
""17-09-2021 [restartedMain] INFO  o.a.c.c.C.[Tomcat].[localhost].[/] - Initializing Spring embedded WebApplicationContext
""17-09-2021 [restartedMain] INFO  o.s.b.w.s.c.ServletWebServerApplicationContext - Root WebApplicationContext: initialization completed in 2983 ms
""17-09-2021 [restartedMain] DEBUG o.s.b.w.s.ServletContextInitializerBeans - Mapping filters: characterEncodingFilter urls=[/*] order=-2147483648, formContentFilter urls=[/*] order=-9900, requestContextFilter urls=[/*] order=-105
""17-09-2021 [restartedMain] DEBUG o.s.b.w.s.ServletContextInitializerBeans - Mapping servlets: dispatcherServlet urls=[/]
""17-09-2021 [restartedMain] INFO  o.f.c.i.license.VersionPrinter - Flyway Community Edition 7.7.3 by Redgate
""17-09-2021 [restartedMain] INFO  o.f.c.i.database.base.DatabaseType - Database: jdbc:postgresql://localhost:5432/usuario (PostgreSQL 12.8)
""17-09-2021 [restartedMain] INFO  o.f.core.internal.command.DbMigrate - Current version of schema "usuario": << Empty Schema >>
""17-09-2021 [restartedMain] INFO  o.f.core.internal.command.DbMigrate - Schema "usuario" is up to date. No migration necessary.
""17-09-2021 [restartedMain] INFO  o.h.jpa.internal.util.LogHelper - HHH000204: Processing PersistenceUnitInfo [name: default]
""17-09-2021 [restartedMain] INFO  org.hibernate.Version - HHH000412: Hibernate ORM core version 5.4.32.Final
""17-09-2021 [restartedMain] INFO  o.h.annotations.common.Version - HCANN000001: Hibernate Commons Annotations {5.1.2.Final}
""17-09-2021 [restartedMain] INFO  com.zaxxer.hikari.HikariDataSource - HikariPool-1 - Starting...
""17-09-2021 [restartedMain] INFO  com.zaxxer.hikari.HikariDataSource - HikariPool-1 - Start completed.
""17-09-2021 [restartedMain] INFO  org.hibernate.dialect.Dialect - HHH000400: Using dialect: org.hibernate.dialect.PostgreSQLDialect
""17-09-2021 [restartedMain] INFO  o.h.e.t.j.p.i.JtaPlatformInitiator - HHH000490: Using JtaPlatform implementation: [org.hibernate.engine.transaction.jta.platform.internal.NoJtaPlatform]
""17-09-2021 [restartedMain] INFO  o.s.o.j.LocalContainerEntityManagerFactoryBean - Initialized JPA EntityManagerFactory for persistence unit 'default'
""17-09-2021 [restartedMain] TRACE o.s.w.s.m.m.a.RequestMappingHandlerMapping - 
	c.p.c.ContactController:
	{POST [/api/v1/insert]}: save(Contact)
	{GET [/api/v1/findAll], produces [application/json]}: findAll(int,String,String)
	{GET [/api/v1/findByID/{id}], produces [application/json]}: findById(long)
	{PATCH [/api/v1/updateAddress/{contactId}]}: updateAddress(long,Address)
	{DELETE [/api/v1/delete/{contactId}]}: deleteContactById(long)
	{PUT [/api/v1/update/{contactId}]}: updateContact(long,Contact)
""17-09-2021 [restartedMain] TRACE o.s.w.s.m.m.a.RequestMappingHandlerMapping - 
	s.d.s.w.ApiResourceController:
	{ [/swagger-resources]}: swaggerResources()
	{ [/swagger-resources/configuration/ui]}: uiConfiguration()
	{ [/swagger-resources/configuration/security]}: securityConfiguration()
""17-09-2021 [restartedMain] TRACE o.s.w.s.m.m.a.RequestMappingHandlerMapping - 
	o.s.b.a.w.s.e.BasicErrorController:
	{ [/error]}: error(HttpServletRequest)
	{ [/error], produces [text/html]}: errorHtml(HttpServletRequest,HttpServletResponse)
""17-09-2021 [restartedMain] DEBUG o.s.w.s.m.m.a.RequestMappingHandlerMapping - 11 mappings in 'requestMappingHandlerMapping'
""17-09-2021 [restartedMain] INFO  s.d.s.w.PropertySourcedRequestMappingHandlerMapping - Mapped URL path [/v2/api-docs] onto method [springfox.documentation.swagger2.web.Swagger2Controller#getDocumentation(String, HttpServletRequest)]
""17-09-2021 [restartedMain] INFO  o.s.b.d.a.OptionalLiveReloadServer - LiveReload server is running on port 35729
""17-09-2021 [restartedMain] DEBUG o.s.w.s.m.m.a.RequestMappingHandlerAdapter - ControllerAdvice beans: 0 @ModelAttribute, 0 @InitBinder, 1 RequestBodyAdvice, 1 ResponseBodyAdvice
""17-09-2021 [restartedMain] DEBUG o.s.w.s.h.SimpleUrlHandlerMapping - Patterns [/webjars/**, /**] in 'resourceHandlerMapping'
""17-09-2021 [restartedMain] DEBUG o.s.w.s.m.m.a.ExceptionHandlerExceptionResolver - ControllerAdvice beans: 0 @ExceptionHandler, 1 ResponseBodyAdvice
""17-09-2021 [restartedMain] WARN  o.s.b.a.t.ThymeleafAutoConfiguration$DefaultTemplateResolverConfiguration - Cannot find template location: classpath:/templates/ (please add some templates or check your Thymeleaf configuration)
""17-09-2021 [restartedMain] DEBUG o.s.w.s.v.f.FreeMarkerConfigurer - File system access not preferred: using SpringTemplateLoader
""17-09-2021 [restartedMain] WARN  o.s.b.a.f.FreeMarkerAutoConfiguration - Cannot find template location(s): [classpath:/templates/] (please add some templates, check your FreeMarker configuration, or set spring.freemarker.checkTemplateLocation=false)
""17-09-2021 [restartedMain] WARN  o.s.b.a.g.t.GroovyTemplateAutoConfiguration - Cannot find template location: classpath:/templates/ (please add some templates, check your Groovy configuration, or set spring.groovy.template.check-template-location=false)
""17-09-2021 [restartedMain] INFO  o.s.b.w.e.tomcat.TomcatWebServer - Tomcat started on port(s): 8080 (http) with context path ''
""17-09-2021 [restartedMain] INFO  s.d.s.w.p.DocumentationPluginsBootstrapper - Context refreshed
""17-09-2021 [restartedMain] INFO  s.d.s.w.p.DocumentationPluginsBootstrapper - Found 1 custom documentation plugin(s)
""17-09-2021 [restartedMain] INFO  s.d.s.w.s.ApiListingReferenceScanner - Scanning for api listing references
""17-09-2021 [restartedMain] INFO  c.p.SpringJpaPostgresHibernateApplication - Started SpringJpaPostgresHibernateApplication in 9.198 seconds (JVM running for 10.322)
""17-09-2021 [http-nio-8080-exec-2] INFO  o.a.c.c.C.[Tomcat].[localhost].[/] - Initializing Spring DispatcherServlet 'dispatcherServlet'
""17-09-2021 [http-nio-8080-exec-2] INFO  o.s.web.servlet.DispatcherServlet - Initializing Servlet 'dispatcherServlet'
""17-09-2021 [http-nio-8080-exec-2] DEBUG o.s.web.servlet.DispatcherServlet - Detected StandardServletMultipartResolver
""17-09-2021 [http-nio-8080-exec-2] DEBUG o.s.web.servlet.DispatcherServlet - Detected AcceptHeaderLocaleResolver
""17-09-2021 [http-nio-8080-exec-2] DEBUG o.s.web.servlet.DispatcherServlet - Detected FixedThemeResolver
""17-09-2021 [http-nio-8080-exec-2] DEBUG o.s.web.servlet.DispatcherServlet - Detected org.springframework.web.servlet.view.DefaultRequestToViewNameTranslator@1fe05bf5
""17-09-2021 [http-nio-8080-exec-2] DEBUG o.s.web.servlet.DispatcherServlet - Detected org.springframework.web.servlet.support.SessionFlashMapManager@6e784b2c
""17-09-2021 [http-nio-8080-exec-2] DEBUG o.s.web.servlet.DispatcherServlet - enableLoggingRequestDetails='false': request parameters and headers will be masked to prevent unsafe logging of potentially sensitive data
""17-09-2021 [http-nio-8080-exec-2] INFO  o.s.web.servlet.DispatcherServlet - Completed initialization in 6 ms
""17-09-2021 [http-nio-8080-exec-2] DEBUG o.s.web.servlet.DispatcherServlet - GET "/swagger-ui.html", parameters={}
""17-09-2021 [http-nio-8080-exec-2] DEBUG o.s.w.s.h.SimpleUrlHandlerMapping - Mapped to ResourceHttpRequestHandler [Classpath [META-INF/resources/], Classpath [resources/], Classpath [static/], Classpath [public/], ServletContext [/]]
""17-09-2021 [http-nio-8080-exec-2] DEBUG o.s.web.servlet.DispatcherServlet - Completed 304 NOT_MODIFIED
""17-09-2021 [http-nio-8080-exec-3] DEBUG o.s.web.servlet.DispatcherServlet - GET "/webjars/springfox-swagger-ui/swagger-ui-bundle.js?v=2.9.2", parameters={masked}
""17-09-2021 [http-nio-8080-exec-3] DEBUG o.s.w.s.h.SimpleUrlHandlerMapping - Mapped to ResourceHttpRequestHandler [Classpath [META-INF/resources/webjars/]]
""17-09-2021 [http-nio-8080-exec-5] DEBUG o.s.web.servlet.DispatcherServlet - GET "/webjars/springfox-swagger-ui/springfox.js?v=2.9.2", parameters={masked}
""17-09-2021 [http-nio-8080-exec-4] DEBUG o.s.web.servlet.DispatcherServlet - GET "/webjars/springfox-swagger-ui/swagger-ui-standalone-preset.js?v=2.9.2", parameters={masked}
""17-09-2021 [http-nio-8080-exec-5] DEBUG o.s.w.s.h.SimpleUrlHandlerMapping - Mapped to ResourceHttpRequestHandler [Classpath [META-INF/resources/webjars/]]
""17-09-2021 [http-nio-8080-exec-3] DEBUG o.s.web.servlet.DispatcherServlet - Completed 304 NOT_MODIFIED
""17-09-2021 [http-nio-8080-exec-5] DEBUG o.s.web.servlet.DispatcherServlet - Completed 304 NOT_MODIFIED
""17-09-2021 [http-nio-8080-exec-4] DEBUG o.s.w.s.h.SimpleUrlHandlerMapping - Mapped to ResourceHttpRequestHandler [Classpath [META-INF/resources/webjars/]]
""17-09-2021 [http-nio-8080-exec-4] DEBUG o.s.web.servlet.DispatcherServlet - Completed 304 NOT_MODIFIED
""17-09-2021 [http-nio-8080-exec-6] DEBUG o.s.web.servlet.DispatcherServlet - GET "/webjars/springfox-swagger-ui/favicon-32x32.png?v=2.9.2", parameters={masked}
""17-09-2021 [http-nio-8080-exec-6] DEBUG o.s.w.s.h.SimpleUrlHandlerMapping - Mapped to ResourceHttpRequestHandler [Classpath [META-INF/resources/webjars/]]
""17-09-2021 [http-nio-8080-exec-6] DEBUG o.s.web.servlet.DispatcherServlet - Completed 200 OK
""17-09-2021 [http-nio-8080-exec-7] DEBUG o.s.web.servlet.DispatcherServlet - GET "/swagger-resources/configuration/ui", parameters={}
""17-09-2021 [http-nio-8080-exec-7] TRACE o.s.w.s.m.m.a.RequestMappingHandlerMapping - Mapped to springfox.documentation.swagger.web.ApiResourceController#uiConfiguration()
""17-09-2021 [http-nio-8080-exec-7] DEBUG o.s.w.s.m.m.a.HttpEntityMethodProcessor - Using 'application/json', given [application/json] and supported [application/json, application/*+json, application/json, application/*+json]
""17-09-2021 [http-nio-8080-exec-7] DEBUG o.s.w.s.m.m.a.HttpEntityMethodProcessor - Writing [springfox.documentation.swagger.web.UiConfiguration@7f272b95]
""17-09-2021 [http-nio-8080-exec-7] DEBUG o.s.web.servlet.DispatcherServlet - Completed 200 OK
""17-09-2021 [http-nio-8080-exec-8] DEBUG o.s.web.servlet.DispatcherServlet - GET "/swagger-resources/configuration/security", parameters={}
""17-09-2021 [http-nio-8080-exec-8] TRACE o.s.w.s.m.m.a.RequestMappingHandlerMapping - Mapped to springfox.documentation.swagger.web.ApiResourceController#securityConfiguration()
""17-09-2021 [http-nio-8080-exec-8] DEBUG o.s.w.s.m.m.a.HttpEntityMethodProcessor - Using 'application/json', given [application/json] and supported [application/json, application/*+json, application/json, application/*+json]
""17-09-2021 [http-nio-8080-exec-8] DEBUG o.s.w.s.m.m.a.HttpEntityMethodProcessor - Writing [springfox.documentation.swagger.web.SecurityConfiguration@129b98ff]
""17-09-2021 [http-nio-8080-exec-8] DEBUG o.s.web.servlet.DispatcherServlet - Completed 200 OK
""17-09-2021 [http-nio-8080-exec-9] DEBUG o.s.web.servlet.DispatcherServlet - GET "/swagger-resources", parameters={}
""17-09-2021 [http-nio-8080-exec-9] TRACE o.s.w.s.m.m.a.RequestMappingHandlerMapping - Mapped to springfox.documentation.swagger.web.ApiResourceController#swaggerResources()
""17-09-2021 [http-nio-8080-exec-9] DEBUG o.s.w.s.m.m.a.HttpEntityMethodProcessor - Using 'application/json', given [application/json] and supported [application/json, application/*+json, application/json, application/*+json]
""17-09-2021 [http-nio-8080-exec-9] DEBUG o.s.w.s.m.m.a.HttpEntityMethodProcessor - Writing [[springfox.documentation.swagger.web.SwaggerResource@51e0a805]]
""17-09-2021 [http-nio-8080-exec-9] DEBUG o.s.web.servlet.DispatcherServlet - Completed 200 OK
""17-09-2021 [http-nio-8080-exec-10] DEBUG o.s.web.servlet.DispatcherServlet - GET "/v2/api-docs", parameters={}
""17-09-2021 [http-nio-8080-exec-1] DEBUG o.s.web.servlet.DispatcherServlet - GET "/", parameters={}
""17-09-2021 [http-nio-8080-exec-1] DEBUG o.s.w.s.h.SimpleUrlHandlerMapping - Mapped to ResourceHttpRequestHandler [Classpath [META-INF/resources/], Classpath [resources/], Classpath [static/], Classpath [public/], ServletContext [/]]
""17-09-2021 [http-nio-8080-exec-1] DEBUG o.s.w.s.r.ResourceHttpRequestHandler - Resource not found
""17-09-2021 [http-nio-8080-exec-1] DEBUG o.s.web.servlet.DispatcherServlet - Completed 404 NOT_FOUND
""17-09-2021 [http-nio-8080-exec-1] DEBUG o.s.web.servlet.DispatcherServlet - "ERROR" dispatch for GET "/error", parameters={}
""17-09-2021 [http-nio-8080-exec-1] TRACE o.s.w.s.m.m.a.RequestMappingHandlerMapping - 2 matching mappings: [{ [/error]}, { [/error], produces [text/html]}]
""17-09-2021 [http-nio-8080-exec-1] TRACE o.s.w.s.m.m.a.RequestMappingHandlerMapping - Mapped to org.springframework.boot.autoconfigure.web.servlet.error.BasicErrorController#error(HttpServletRequest)
""17-09-2021 [http-nio-8080-exec-1] DEBUG o.s.w.s.m.m.a.HttpEntityMethodProcessor - Using 'application/json', given [*/*] and supported [application/json, application/*+json, application/json, application/*+json]
""17-09-2021 [http-nio-8080-exec-1] DEBUG o.s.w.s.m.m.a.HttpEntityMethodProcessor - Writing [{timestamp=Fri Sep 17 08:39:48 BRT 2021, status=404, error=Not Found, path=/}]
""17-09-2021 [http-nio-8080-exec-1] DEBUG o.s.web.servlet.DispatcherServlet - Exiting from "ERROR" dispatch, status 404
""17-09-2021 [http-nio-8080-exec-2] DEBUG o.s.web.servlet.DispatcherServlet - GET "/csrf", parameters={}
""17-09-2021 [http-nio-8080-exec-2] DEBUG o.s.w.s.h.SimpleUrlHandlerMapping - Mapped to ResourceHttpRequestHandler [Classpath [META-INF/resources/], Classpath [resources/], Classpath [static/], Classpath [public/], ServletContext [/]]
""17-09-2021 [http-nio-8080-exec-2] DEBUG o.s.w.s.r.ResourceHttpRequestHandler - Resource not found
""17-09-2021 [http-nio-8080-exec-2] DEBUG o.s.web.servlet.DispatcherServlet - Completed 404 NOT_FOUND
""17-09-2021 [http-nio-8080-exec-2] DEBUG o.s.web.servlet.DispatcherServlet - "ERROR" dispatch for GET "/error", parameters={}
""17-09-2021 [http-nio-8080-exec-2] TRACE o.s.w.s.m.m.a.RequestMappingHandlerMapping - 2 matching mappings: [{ [/error]}, { [/error], produces [text/html]}]
""17-09-2021 [http-nio-8080-exec-2] TRACE o.s.w.s.m.m.a.RequestMappingHandlerMapping - Mapped to org.springframework.boot.autoconfigure.web.servlet.error.BasicErrorController#error(HttpServletRequest)
""17-09-2021 [http-nio-8080-exec-2] DEBUG o.s.w.s.m.m.a.HttpEntityMethodProcessor - Using 'application/json', given [*/*] and supported [application/json, application/*+json, application/json, application/*+json]
""17-09-2021 [http-nio-8080-exec-2] DEBUG o.s.w.s.m.m.a.HttpEntityMethodProcessor - Writing [{timestamp=Fri Sep 17 08:39:48 BRT 2021, status=404, error=Not Found, path=/csrf}]
""17-09-2021 [http-nio-8080-exec-2] DEBUG o.s.web.servlet.DispatcherServlet - Exiting from "ERROR" dispatch, status 404
""17-09-2021 [http-nio-8080-exec-10] DEBUG o.s.w.s.m.m.a.HttpEntityMethodProcessor - Using 'application/json', given [application/json, */*] and supported [application/json, application/*+json, application/json, application/*+json]
""17-09-2021 [http-nio-8080-exec-10] DEBUG o.s.w.s.m.m.a.HttpEntityMethodProcessor - Writing [springfox.documentation.spring.web.json.Json@4517464a]
""17-09-2021 [http-nio-8080-exec-10] DEBUG o.s.web.servlet.DispatcherServlet - Completed 200 OK
""17-09-2021 [SpringApplicationShutdownHook] INFO  o.s.o.j.LocalContainerEntityManagerFactoryBean - Closing JPA EntityManagerFactory for persistence unit 'default'
""17-09-2021 [SpringApplicationShutdownHook] INFO  com.zaxxer.hikari.HikariDataSource - HikariPool-1 - Shutdown initiated...
""17-09-2021 [SpringApplicationShutdownHook] INFO  com.zaxxer.hikari.HikariDataSource - HikariPool-1 - Shutdown completed.
""17-09-2021 [restartedMain] INFO  c.p.SpringJpaPostgresHibernateApplication - Starting SpringJpaPostgresHibernateApplication using Java 16.0.2 on NoteBookIBM with PID 24844 (C:\workspaceIBM\SpringJPA-Postgres-Hibernate\target\classes started by LVTT1W631 in C:\workspaceIBM\SpringJPA-Postgres-Hibernate)
""17-09-2021 [restartedMain] INFO  c.p.SpringJpaPostgresHibernateApplication - No active profile set, falling back to default profiles: default
""17-09-2021 [restartedMain] INFO  o.s.d.r.c.RepositoryConfigurationDelegate - Bootstrapping Spring Data JPA repositories in DEFAULT mode.
""17-09-2021 [restartedMain] INFO  o.s.d.r.c.RepositoryConfigurationDelegate - Finished Spring Data repository scanning in 194 ms. Found 1 JPA repository interfaces.
""17-09-2021 [restartedMain] INFO  o.s.b.w.e.tomcat.TomcatWebServer - Tomcat initialized with port(s): 8080 (http)
""17-09-2021 [restartedMain] INFO  o.a.catalina.core.StandardService - Starting service [Tomcat]
""17-09-2021 [restartedMain] INFO  o.a.catalina.core.StandardEngine - Starting Servlet engine: [Apache Tomcat/9.0.52]
""17-09-2021 [restartedMain] INFO  o.a.c.c.C.[Tomcat].[localhost].[/] - Initializing Spring embedded WebApplicationContext
""17-09-2021 [restartedMain] INFO  o.s.b.w.s.c.ServletWebServerApplicationContext - Root WebApplicationContext: initialization completed in 2440 ms
""17-09-2021 [restartedMain] DEBUG o.s.b.w.s.ServletContextInitializerBeans - Mapping filters: characterEncodingFilter urls=[/*] order=-2147483648, formContentFilter urls=[/*] order=-9900, requestContextFilter urls=[/*] order=-105
""17-09-2021 [restartedMain] DEBUG o.s.b.w.s.ServletContextInitializerBeans - Mapping servlets: dispatcherServlet urls=[/]
""17-09-2021 [restartedMain] INFO  o.f.c.i.license.VersionPrinter - Flyway Community Edition 7.7.3 by Redgate
""17-09-2021 [restartedMain] INFO  o.f.c.i.database.base.DatabaseType - Database: jdbc:postgresql://localhost:5432/usuario (PostgreSQL 12.8)
""17-09-2021 [restartedMain] INFO  o.f.core.internal.command.DbMigrate - Current version of schema "usuario": << Empty Schema >>
""17-09-2021 [restartedMain] INFO  o.f.core.internal.command.DbMigrate - Schema "usuario" is up to date. No migration necessary.
""17-09-2021 [restartedMain] INFO  o.h.jpa.internal.util.LogHelper - HHH000204: Processing PersistenceUnitInfo [name: default]
""17-09-2021 [restartedMain] INFO  org.hibernate.Version - HHH000412: Hibernate ORM core version 5.4.32.Final
""17-09-2021 [restartedMain] INFO  o.h.annotations.common.Version - HCANN000001: Hibernate Commons Annotations {5.1.2.Final}
""17-09-2021 [restartedMain] INFO  com.zaxxer.hikari.HikariDataSource - HikariPool-1 - Starting...
""17-09-2021 [restartedMain] INFO  com.zaxxer.hikari.HikariDataSource - HikariPool-1 - Start completed.
""17-09-2021 [restartedMain] INFO  org.hibernate.dialect.Dialect - HHH000400: Using dialect: org.hibernate.dialect.PostgreSQLDialect
""17-09-2021 [restartedMain] INFO  o.h.e.t.j.p.i.JtaPlatformInitiator - HHH000490: Using JtaPlatform implementation: [org.hibernate.engine.transaction.jta.platform.internal.NoJtaPlatform]
""17-09-2021 [restartedMain] INFO  o.s.o.j.LocalContainerEntityManagerFactoryBean - Initialized JPA EntityManagerFactory for persistence unit 'default'
""17-09-2021 [restartedMain] TRACE o.s.w.s.m.m.a.RequestMappingHandlerMapping - 
	c.p.c.ContactController:
	{POST [/api/v1/insert]}: save(Contact)
	{GET [/api/v1/findAll], produces [application/json]}: findAll(int,String,String)
	{GET [/api/v1/findByID/{id}], produces [application/json]}: findById(long)
	{PATCH [/api/v1/updateAddress/{contactId}]}: updateAddress(long,Address)
	{PUT [/api/v1/update/{contactId}]}: updateContact(long,Contact)
	{DELETE [/api/v1/delete/{contactId}]}: deleteContactById(long)
""17-09-2021 [restartedMain] TRACE o.s.w.s.m.m.a.RequestMappingHandlerMapping - 
	s.d.s.w.ApiResourceController:
	{ [/swagger-resources]}: swaggerResources()
	{ [/swagger-resources/configuration/ui]}: uiConfiguration()
	{ [/swagger-resources/configuration/security]}: securityConfiguration()
""17-09-2021 [restartedMain] TRACE o.s.w.s.m.m.a.RequestMappingHandlerMapping - 
	o.s.b.a.w.s.e.BasicErrorController:
	{ [/error]}: error(HttpServletRequest)
	{ [/error], produces [text/html]}: errorHtml(HttpServletRequest,HttpServletResponse)
""17-09-2021 [restartedMain] DEBUG o.s.w.s.m.m.a.RequestMappingHandlerMapping - 11 mappings in 'requestMappingHandlerMapping'
""17-09-2021 [restartedMain] INFO  s.d.s.w.PropertySourcedRequestMappingHandlerMapping - Mapped URL path [/v2/api-docs] onto method [springfox.documentation.swagger2.web.Swagger2Controller#getDocumentation(String, HttpServletRequest)]
""17-09-2021 [restartedMain] INFO  o.s.b.d.a.OptionalLiveReloadServer - LiveReload server is running on port 35729
""17-09-2021 [restartedMain] DEBUG o.s.w.s.m.m.a.RequestMappingHandlerAdapter - ControllerAdvice beans: 0 @ModelAttribute, 0 @InitBinder, 1 RequestBodyAdvice, 1 ResponseBodyAdvice
""17-09-2021 [restartedMain] DEBUG o.s.w.s.h.SimpleUrlHandlerMapping - Patterns [/webjars/**, /**] in 'resourceHandlerMapping'
""17-09-2021 [restartedMain] DEBUG o.s.w.s.m.m.a.ExceptionHandlerExceptionResolver - ControllerAdvice beans: 0 @ExceptionHandler, 1 ResponseBodyAdvice
""17-09-2021 [restartedMain] WARN  o.s.b.a.t.ThymeleafAutoConfiguration$DefaultTemplateResolverConfiguration - Cannot find template location: classpath:/templates/ (please add some templates or check your Thymeleaf configuration)
""17-09-2021 [restartedMain] DEBUG o.s.w.s.v.f.FreeMarkerConfigurer - File system access not preferred: using SpringTemplateLoader
""17-09-2021 [restartedMain] WARN  o.s.b.a.f.FreeMarkerAutoConfiguration - Cannot find template location(s): [classpath:/templates/] (please add some templates, check your FreeMarker configuration, or set spring.freemarker.checkTemplateLocation=false)
""17-09-2021 [restartedMain] WARN  o.s.b.a.g.t.GroovyTemplateAutoConfiguration - Cannot find template location: classpath:/templates/ (please add some templates, check your Groovy configuration, or set spring.groovy.template.check-template-location=false)
""17-09-2021 [restartedMain] INFO  o.s.b.w.e.tomcat.TomcatWebServer - Tomcat started on port(s): 8080 (http) with context path ''
""17-09-2021 [restartedMain] INFO  s.d.s.w.p.DocumentationPluginsBootstrapper - Context refreshed
""17-09-2021 [restartedMain] INFO  s.d.s.w.p.DocumentationPluginsBootstrapper - Found 1 custom documentation plugin(s)
""17-09-2021 [restartedMain] INFO  s.d.s.w.s.ApiListingReferenceScanner - Scanning for api listing references
""17-09-2021 [restartedMain] INFO  c.p.SpringJpaPostgresHibernateApplication - Started SpringJpaPostgresHibernateApplication in 8.223 seconds (JVM running for 9.064)
""17-09-2021 [http-nio-8080-exec-1] INFO  o.a.c.c.C.[Tomcat].[localhost].[/] - Initializing Spring DispatcherServlet 'dispatcherServlet'
""17-09-2021 [http-nio-8080-exec-1] INFO  o.s.web.servlet.DispatcherServlet - Initializing Servlet 'dispatcherServlet'
""17-09-2021 [http-nio-8080-exec-1] DEBUG o.s.web.servlet.DispatcherServlet - Detected StandardServletMultipartResolver
""17-09-2021 [http-nio-8080-exec-1] DEBUG o.s.web.servlet.DispatcherServlet - Detected AcceptHeaderLocaleResolver
""17-09-2021 [http-nio-8080-exec-1] DEBUG o.s.web.servlet.DispatcherServlet - Detected FixedThemeResolver
""17-09-2021 [http-nio-8080-exec-1] DEBUG o.s.web.servlet.DispatcherServlet - Detected org.springframework.web.servlet.view.DefaultRequestToViewNameTranslator@4ecf4671
""17-09-2021 [http-nio-8080-exec-1] DEBUG o.s.web.servlet.DispatcherServlet - Detected org.springframework.web.servlet.support.SessionFlashMapManager@7442c190
""17-09-2021 [http-nio-8080-exec-1] DEBUG o.s.web.servlet.DispatcherServlet - enableLoggingRequestDetails='false': request parameters and headers will be masked to prevent unsafe logging of potentially sensitive data
""17-09-2021 [http-nio-8080-exec-1] INFO  o.s.web.servlet.DispatcherServlet - Completed initialization in 3 ms
""17-09-2021 [http-nio-8080-exec-1] DEBUG o.s.web.servlet.DispatcherServlet - GET "/swagger-ui.html", parameters={}
""17-09-2021 [http-nio-8080-exec-1] DEBUG o.s.w.s.h.SimpleUrlHandlerMapping - Mapped to ResourceHttpRequestHandler [Classpath [META-INF/resources/], Classpath [resources/], Classpath [static/], Classpath [public/], ServletContext [/]]
""17-09-2021 [http-nio-8080-exec-1] DEBUG o.s.web.servlet.DispatcherServlet - Completed 304 NOT_MODIFIED
""17-09-2021 [http-nio-8080-exec-2] DEBUG o.s.web.servlet.DispatcherServlet - GET "/webjars/springfox-swagger-ui/swagger-ui-bundle.js?v=2.9.2", parameters={masked}
""17-09-2021 [http-nio-8080-exec-2] DEBUG o.s.w.s.h.SimpleUrlHandlerMapping - Mapped to ResourceHttpRequestHandler [Classpath [META-INF/resources/webjars/]]
""17-09-2021 [http-nio-8080-exec-3] DEBUG o.s.web.servlet.DispatcherServlet - GET "/webjars/springfox-swagger-ui/swagger-ui-standalone-preset.js?v=2.9.2", parameters={masked}
""17-09-2021 [http-nio-8080-exec-4] DEBUG o.s.web.servlet.DispatcherServlet - GET "/webjars/springfox-swagger-ui/springfox.js?v=2.9.2", parameters={masked}
""17-09-2021 [http-nio-8080-exec-3] DEBUG o.s.w.s.h.SimpleUrlHandlerMapping - Mapped to ResourceHttpRequestHandler [Classpath [META-INF/resources/webjars/]]
""17-09-2021 [http-nio-8080-exec-4] DEBUG o.s.w.s.h.SimpleUrlHandlerMapping - Mapped to ResourceHttpRequestHandler [Classpath [META-INF/resources/webjars/]]
""17-09-2021 [http-nio-8080-exec-4] DEBUG o.s.web.servlet.DispatcherServlet - Completed 304 NOT_MODIFIED
""17-09-2021 [http-nio-8080-exec-3] DEBUG o.s.web.servlet.DispatcherServlet - Completed 304 NOT_MODIFIED
""17-09-2021 [http-nio-8080-exec-2] DEBUG o.s.web.servlet.DispatcherServlet - Completed 304 NOT_MODIFIED
""17-09-2021 [http-nio-8080-exec-5] DEBUG o.s.web.servlet.DispatcherServlet - GET "/swagger-resources/configuration/ui", parameters={}
""17-09-2021 [http-nio-8080-exec-5] TRACE o.s.w.s.m.m.a.RequestMappingHandlerMapping - Mapped to springfox.documentation.swagger.web.ApiResourceController#uiConfiguration()
""17-09-2021 [http-nio-8080-exec-5] DEBUG o.s.w.s.m.m.a.HttpEntityMethodProcessor - Using 'application/json', given [application/json] and supported [application/json, application/*+json, application/json, application/*+json]
""17-09-2021 [http-nio-8080-exec-5] DEBUG o.s.w.s.m.m.a.HttpEntityMethodProcessor - Writing [springfox.documentation.swagger.web.UiConfiguration@7fbda335]
""17-09-2021 [http-nio-8080-exec-5] DEBUG o.s.web.servlet.DispatcherServlet - Completed 200 OK
""17-09-2021 [http-nio-8080-exec-6] DEBUG o.s.web.servlet.DispatcherServlet - GET "/swagger-resources/configuration/security", parameters={}
""17-09-2021 [http-nio-8080-exec-6] TRACE o.s.w.s.m.m.a.RequestMappingHandlerMapping - Mapped to springfox.documentation.swagger.web.ApiResourceController#securityConfiguration()
""17-09-2021 [http-nio-8080-exec-6] DEBUG o.s.w.s.m.m.a.HttpEntityMethodProcessor - Using 'application/json', given [application/json] and supported [application/json, application/*+json, application/json, application/*+json]
""17-09-2021 [http-nio-8080-exec-6] DEBUG o.s.w.s.m.m.a.HttpEntityMethodProcessor - Writing [springfox.documentation.swagger.web.SecurityConfiguration@2bd3503b]
""17-09-2021 [http-nio-8080-exec-6] DEBUG o.s.web.servlet.DispatcherServlet - Completed 200 OK
""17-09-2021 [http-nio-8080-exec-7] DEBUG o.s.web.servlet.DispatcherServlet - GET "/swagger-resources", parameters={}
""17-09-2021 [http-nio-8080-exec-7] TRACE o.s.w.s.m.m.a.RequestMappingHandlerMapping - Mapped to springfox.documentation.swagger.web.ApiResourceController#swaggerResources()
""17-09-2021 [http-nio-8080-exec-7] DEBUG o.s.w.s.m.m.a.HttpEntityMethodProcessor - Using 'application/json', given [application/json] and supported [application/json, application/*+json, application/json, application/*+json]
""17-09-2021 [http-nio-8080-exec-7] DEBUG o.s.w.s.m.m.a.HttpEntityMethodProcessor - Writing [[springfox.documentation.swagger.web.SwaggerResource@34758904]]
""17-09-2021 [http-nio-8080-exec-7] DEBUG o.s.web.servlet.DispatcherServlet - Completed 200 OK
""17-09-2021 [http-nio-8080-exec-8] DEBUG o.s.web.servlet.DispatcherServlet - GET "/v2/api-docs", parameters={}
""17-09-2021 [http-nio-8080-exec-9] DEBUG o.s.web.servlet.DispatcherServlet - GET "/", parameters={}
""17-09-2021 [http-nio-8080-exec-9] DEBUG o.s.w.s.h.SimpleUrlHandlerMapping - Mapped to ResourceHttpRequestHandler [Classpath [META-INF/resources/], Classpath [resources/], Classpath [static/], Classpath [public/], ServletContext [/]]
""17-09-2021 [http-nio-8080-exec-9] DEBUG o.s.w.s.r.ResourceHttpRequestHandler - Resource not found
""17-09-2021 [http-nio-8080-exec-9] DEBUG o.s.web.servlet.DispatcherServlet - Completed 404 NOT_FOUND
""17-09-2021 [http-nio-8080-exec-9] DEBUG o.s.web.servlet.DispatcherServlet - "ERROR" dispatch for GET "/error", parameters={}
""17-09-2021 [http-nio-8080-exec-9] TRACE o.s.w.s.m.m.a.RequestMappingHandlerMapping - 2 matching mappings: [{ [/error]}, { [/error], produces [text/html]}]
""17-09-2021 [http-nio-8080-exec-9] TRACE o.s.w.s.m.m.a.RequestMappingHandlerMapping - Mapped to org.springframework.boot.autoconfigure.web.servlet.error.BasicErrorController#error(HttpServletRequest)
""17-09-2021 [http-nio-8080-exec-9] DEBUG o.s.w.s.m.m.a.HttpEntityMethodProcessor - Using 'application/json', given [*/*] and supported [application/json, application/*+json, application/json, application/*+json]
""17-09-2021 [http-nio-8080-exec-9] DEBUG o.s.w.s.m.m.a.HttpEntityMethodProcessor - Writing [{timestamp=Fri Sep 17 08:41:00 BRT 2021, status=404, error=Not Found, path=/}]
""17-09-2021 [http-nio-8080-exec-9] DEBUG o.s.web.servlet.DispatcherServlet - Exiting from "ERROR" dispatch, status 404
""17-09-2021 [http-nio-8080-exec-10] DEBUG o.s.web.servlet.DispatcherServlet - GET "/csrf", parameters={}
""17-09-2021 [http-nio-8080-exec-10] DEBUG o.s.w.s.h.SimpleUrlHandlerMapping - Mapped to ResourceHttpRequestHandler [Classpath [META-INF/resources/], Classpath [resources/], Classpath [static/], Classpath [public/], ServletContext [/]]
""17-09-2021 [http-nio-8080-exec-10] DEBUG o.s.w.s.r.ResourceHttpRequestHandler - Resource not found
""17-09-2021 [http-nio-8080-exec-10] DEBUG o.s.web.servlet.DispatcherServlet - Completed 404 NOT_FOUND
""17-09-2021 [http-nio-8080-exec-10] DEBUG o.s.web.servlet.DispatcherServlet - "ERROR" dispatch for GET "/error", parameters={}
""17-09-2021 [http-nio-8080-exec-10] TRACE o.s.w.s.m.m.a.RequestMappingHandlerMapping - 2 matching mappings: [{ [/error]}, { [/error], produces [text/html]}]
""17-09-2021 [http-nio-8080-exec-10] TRACE o.s.w.s.m.m.a.RequestMappingHandlerMapping - Mapped to org.springframework.boot.autoconfigure.web.servlet.error.BasicErrorController#error(HttpServletRequest)
""17-09-2021 [http-nio-8080-exec-10] DEBUG o.s.w.s.m.m.a.HttpEntityMethodProcessor - Using 'application/json', given [*/*] and supported [application/json, application/*+json, application/json, application/*+json]
""17-09-2021 [http-nio-8080-exec-10] DEBUG o.s.w.s.m.m.a.HttpEntityMethodProcessor - Writing [{timestamp=Fri Sep 17 08:41:00 BRT 2021, status=404, error=Not Found, path=/csrf}]
""17-09-2021 [http-nio-8080-exec-10] DEBUG o.s.web.servlet.DispatcherServlet - Exiting from "ERROR" dispatch, status 404
""17-09-2021 [http-nio-8080-exec-8] DEBUG o.s.w.s.m.m.a.HttpEntityMethodProcessor - Using 'application/json', given [application/json, */*] and supported [application/json, application/*+json, application/json, application/*+json]
""17-09-2021 [http-nio-8080-exec-8] DEBUG o.s.w.s.m.m.a.HttpEntityMethodProcessor - Writing [springfox.documentation.spring.web.json.Json@caec4d4]
""17-09-2021 [http-nio-8080-exec-8] DEBUG o.s.web.servlet.DispatcherServlet - Completed 200 OK
""17-09-2021 [SpringApplicationShutdownHook] INFO  o.s.o.j.LocalContainerEntityManagerFactoryBean - Closing JPA EntityManagerFactory for persistence unit 'default'
""17-09-2021 [SpringApplicationShutdownHook] INFO  com.zaxxer.hikari.HikariDataSource - HikariPool-1 - Shutdown initiated...
""17-09-2021 [SpringApplicationShutdownHook] INFO  com.zaxxer.hikari.HikariDataSource - HikariPool-1 - Shutdown completed.
""17-09-2021 [restartedMain] INFO  c.p.SpringJpaPostgresHibernateApplication - Starting SpringJpaPostgresHibernateApplication using Java 16.0.2 on NoteBookIBM with PID 24964 (C:\workspaceIBM\SpringJPA-Postgres-Hibernate\target\classes started by LVTT1W631 in C:\workspaceIBM\SpringJPA-Postgres-Hibernate)
""17-09-2021 [restartedMain] INFO  c.p.SpringJpaPostgresHibernateApplication - No active profile set, falling back to default profiles: default
""17-09-2021 [restartedMain] INFO  o.s.d.r.c.RepositoryConfigurationDelegate - Bootstrapping Spring Data JPA repositories in DEFAULT mode.
""17-09-2021 [restartedMain] INFO  o.s.d.r.c.RepositoryConfigurationDelegate - Finished Spring Data repository scanning in 157 ms. Found 1 JPA repository interfaces.
""17-09-2021 [restartedMain] INFO  o.s.b.w.e.tomcat.TomcatWebServer - Tomcat initialized with port(s): 8080 (http)
""17-09-2021 [restartedMain] INFO  o.a.catalina.core.StandardService - Starting service [Tomcat]
""17-09-2021 [restartedMain] INFO  o.a.catalina.core.StandardEngine - Starting Servlet engine: [Apache Tomcat/9.0.52]
""17-09-2021 [restartedMain] INFO  o.a.c.c.C.[Tomcat].[localhost].[/] - Initializing Spring embedded WebApplicationContext
""17-09-2021 [restartedMain] INFO  o.s.b.w.s.c.ServletWebServerApplicationContext - Root WebApplicationContext: initialization completed in 2634 ms
""17-09-2021 [restartedMain] DEBUG o.s.b.w.s.ServletContextInitializerBeans - Mapping filters: characterEncodingFilter urls=[/*] order=-2147483648, formContentFilter urls=[/*] order=-9900, requestContextFilter urls=[/*] order=-105
""17-09-2021 [restartedMain] DEBUG o.s.b.w.s.ServletContextInitializerBeans - Mapping servlets: dispatcherServlet urls=[/]
""17-09-2021 [restartedMain] INFO  o.f.c.i.license.VersionPrinter - Flyway Community Edition 7.7.3 by Redgate
""17-09-2021 [restartedMain] INFO  o.f.c.i.database.base.DatabaseType - Database: jdbc:postgresql://localhost:5432/usuario (PostgreSQL 12.8)
""17-09-2021 [restartedMain] INFO  o.f.core.internal.command.DbMigrate - Current version of schema "usuario": << Empty Schema >>
""17-09-2021 [restartedMain] INFO  o.f.core.internal.command.DbMigrate - Schema "usuario" is up to date. No migration necessary.
""17-09-2021 [restartedMain] INFO  o.h.jpa.internal.util.LogHelper - HHH000204: Processing PersistenceUnitInfo [name: default]
""17-09-2021 [restartedMain] INFO  org.hibernate.Version - HHH000412: Hibernate ORM core version 5.4.32.Final
""17-09-2021 [restartedMain] INFO  o.h.annotations.common.Version - HCANN000001: Hibernate Commons Annotations {5.1.2.Final}
""17-09-2021 [restartedMain] INFO  com.zaxxer.hikari.HikariDataSource - HikariPool-1 - Starting...
""17-09-2021 [restartedMain] INFO  com.zaxxer.hikari.HikariDataSource - HikariPool-1 - Start completed.
""17-09-2021 [restartedMain] INFO  org.hibernate.dialect.Dialect - HHH000400: Using dialect: org.hibernate.dialect.PostgreSQLDialect
""17-09-2021 [restartedMain] INFO  o.h.e.t.j.p.i.JtaPlatformInitiator - HHH000490: Using JtaPlatform implementation: [org.hibernate.engine.transaction.jta.platform.internal.NoJtaPlatform]
""17-09-2021 [restartedMain] INFO  o.s.o.j.LocalContainerEntityManagerFactoryBean - Initialized JPA EntityManagerFactory for persistence unit 'default'
""17-09-2021 [restartedMain] TRACE o.s.w.s.m.m.a.RequestMappingHandlerMapping - 
	c.p.c.ContactController:
	{POST [/api/v1/insert]}: save(Contact)
	{GET [/api/v1/findAll], produces [application/json]}: findAll(int,String,String)
	{GET [/api/v1/findByID/{id}], produces [application/json]}: findById(long)
	{PATCH [/api/v1/updateAddress/{contactId}]}: updateAddress(long,Address)
	{PUT [/api/v1/update/{contactId}]}: updateContact(long,Contact)
	{DELETE [/api/v1/delete/{contactId}]}: deleteContactById(long)
""17-09-2021 [restartedMain] TRACE o.s.w.s.m.m.a.RequestMappingHandlerMapping - 
	s.d.s.w.ApiResourceController:
	{ [/swagger-resources/configuration/ui]}: uiConfiguration()
	{ [/swagger-resources]}: swaggerResources()
	{ [/swagger-resources/configuration/security]}: securityConfiguration()
""17-09-2021 [restartedMain] TRACE o.s.w.s.m.m.a.RequestMappingHandlerMapping - 
	o.s.b.a.w.s.e.BasicErrorController:
	{ [/error]}: error(HttpServletRequest)
	{ [/error], produces [text/html]}: errorHtml(HttpServletRequest,HttpServletResponse)
""17-09-2021 [restartedMain] DEBUG o.s.w.s.m.m.a.RequestMappingHandlerMapping - 11 mappings in 'requestMappingHandlerMapping'
""17-09-2021 [restartedMain] INFO  s.d.s.w.PropertySourcedRequestMappingHandlerMapping - Mapped URL path [/v2/api-docs] onto method [springfox.documentation.swagger2.web.Swagger2Controller#getDocumentation(String, HttpServletRequest)]
""17-09-2021 [restartedMain] INFO  o.s.b.d.a.OptionalLiveReloadServer - LiveReload server is running on port 35729
""17-09-2021 [restartedMain] DEBUG o.s.w.s.m.m.a.RequestMappingHandlerAdapter - ControllerAdvice beans: 0 @ModelAttribute, 0 @InitBinder, 1 RequestBodyAdvice, 1 ResponseBodyAdvice
""17-09-2021 [restartedMain] DEBUG o.s.w.s.h.SimpleUrlHandlerMapping - Patterns [/webjars/**, /**] in 'resourceHandlerMapping'
""17-09-2021 [restartedMain] DEBUG o.s.w.s.m.m.a.ExceptionHandlerExceptionResolver - ControllerAdvice beans: 0 @ExceptionHandler, 1 ResponseBodyAdvice
""17-09-2021 [restartedMain] WARN  o.s.b.a.t.ThymeleafAutoConfiguration$DefaultTemplateResolverConfiguration - Cannot find template location: classpath:/templates/ (please add some templates or check your Thymeleaf configuration)
""17-09-2021 [restartedMain] DEBUG o.s.w.s.v.f.FreeMarkerConfigurer - File system access not preferred: using SpringTemplateLoader
""17-09-2021 [restartedMain] WARN  o.s.b.a.f.FreeMarkerAutoConfiguration - Cannot find template location(s): [classpath:/templates/] (please add some templates, check your FreeMarker configuration, or set spring.freemarker.checkTemplateLocation=false)
""17-09-2021 [restartedMain] WARN  o.s.b.a.g.t.GroovyTemplateAutoConfiguration - Cannot find template location: classpath:/templates/ (please add some templates, check your Groovy configuration, or set spring.groovy.template.check-template-location=false)
""17-09-2021 [restartedMain] INFO  o.s.b.w.e.tomcat.TomcatWebServer - Tomcat started on port(s): 8080 (http) with context path ''
""17-09-2021 [restartedMain] INFO  s.d.s.w.p.DocumentationPluginsBootstrapper - Context refreshed
""17-09-2021 [restartedMain] INFO  s.d.s.w.p.DocumentationPluginsBootstrapper - Found 1 custom documentation plugin(s)
""17-09-2021 [restartedMain] INFO  s.d.s.w.s.ApiListingReferenceScanner - Scanning for api listing references
""17-09-2021 [restartedMain] INFO  c.p.SpringJpaPostgresHibernateApplication - Started SpringJpaPostgresHibernateApplication in 10.819 seconds (JVM running for 11.678)
""17-09-2021 [http-nio-8080-exec-1] INFO  o.a.c.c.C.[Tomcat].[localhost].[/] - Initializing Spring DispatcherServlet 'dispatcherServlet'
""17-09-2021 [http-nio-8080-exec-1] INFO  o.s.web.servlet.DispatcherServlet - Initializing Servlet 'dispatcherServlet'
""17-09-2021 [http-nio-8080-exec-1] DEBUG o.s.web.servlet.DispatcherServlet - Detected StandardServletMultipartResolver
""17-09-2021 [http-nio-8080-exec-1] DEBUG o.s.web.servlet.DispatcherServlet - Detected AcceptHeaderLocaleResolver
""17-09-2021 [http-nio-8080-exec-1] DEBUG o.s.web.servlet.DispatcherServlet - Detected FixedThemeResolver
""17-09-2021 [http-nio-8080-exec-1] DEBUG o.s.web.servlet.DispatcherServlet - Detected org.springframework.web.servlet.view.DefaultRequestToViewNameTranslator@5de0cf01
""17-09-2021 [http-nio-8080-exec-1] DEBUG o.s.web.servlet.DispatcherServlet - Detected org.springframework.web.servlet.support.SessionFlashMapManager@12034add
""17-09-2021 [http-nio-8080-exec-1] DEBUG o.s.web.servlet.DispatcherServlet - enableLoggingRequestDetails='false': request parameters and headers will be masked to prevent unsafe logging of potentially sensitive data
""17-09-2021 [http-nio-8080-exec-1] INFO  o.s.web.servlet.DispatcherServlet - Completed initialization in 2 ms
""17-09-2021 [http-nio-8080-exec-1] DEBUG o.s.web.servlet.DispatcherServlet - GET "/swagger-ui.html", parameters={}
""17-09-2021 [http-nio-8080-exec-1] DEBUG o.s.w.s.h.SimpleUrlHandlerMapping - Mapped to ResourceHttpRequestHandler [Classpath [META-INF/resources/], Classpath [resources/], Classpath [static/], Classpath [public/], ServletContext [/]]
""17-09-2021 [http-nio-8080-exec-1] DEBUG o.s.web.servlet.DispatcherServlet - Completed 200 OK
""17-09-2021 [http-nio-8080-exec-2] DEBUG o.s.web.servlet.DispatcherServlet - GET "/webjars/springfox-swagger-ui/swagger-ui-bundle.js?v=2.9.2", parameters={masked}
""17-09-2021 [http-nio-8080-exec-3] DEBUG o.s.web.servlet.DispatcherServlet - GET "/webjars/springfox-swagger-ui/swagger-ui-standalone-preset.js?v=2.9.2", parameters={masked}
""17-09-2021 [http-nio-8080-exec-2] DEBUG o.s.w.s.h.SimpleUrlHandlerMapping - Mapped to ResourceHttpRequestHandler [Classpath [META-INF/resources/webjars/]]
""17-09-2021 [http-nio-8080-exec-4] DEBUG o.s.web.servlet.DispatcherServlet - GET "/webjars/springfox-swagger-ui/springfox.js?v=2.9.2", parameters={masked}
""17-09-2021 [http-nio-8080-exec-3] DEBUG o.s.w.s.h.SimpleUrlHandlerMapping - Mapped to ResourceHttpRequestHandler [Classpath [META-INF/resources/webjars/]]
""17-09-2021 [http-nio-8080-exec-4] DEBUG o.s.w.s.h.SimpleUrlHandlerMapping - Mapped to ResourceHttpRequestHandler [Classpath [META-INF/resources/webjars/]]
""17-09-2021 [http-nio-8080-exec-4] DEBUG o.s.web.servlet.DispatcherServlet - Completed 304 NOT_MODIFIED
""17-09-2021 [http-nio-8080-exec-2] DEBUG o.s.web.servlet.DispatcherServlet - Completed 304 NOT_MODIFIED
""17-09-2021 [http-nio-8080-exec-3] DEBUG o.s.web.servlet.DispatcherServlet - Completed 304 NOT_MODIFIED
""17-09-2021 [http-nio-8080-exec-5] DEBUG o.s.web.servlet.DispatcherServlet - GET "/webjars/springfox-swagger-ui/favicon-32x32.png?v=2.9.2", parameters={masked}
""17-09-2021 [http-nio-8080-exec-5] DEBUG o.s.w.s.h.SimpleUrlHandlerMapping - Mapped to ResourceHttpRequestHandler [Classpath [META-INF/resources/webjars/]]
""17-09-2021 [http-nio-8080-exec-5] DEBUG o.s.web.servlet.DispatcherServlet - Completed 200 OK
""17-09-2021 [http-nio-8080-exec-6] DEBUG o.s.web.servlet.DispatcherServlet - GET "/swagger-resources/configuration/ui", parameters={}
""17-09-2021 [http-nio-8080-exec-6] TRACE o.s.w.s.m.m.a.RequestMappingHandlerMapping - Mapped to springfox.documentation.swagger.web.ApiResourceController#uiConfiguration()
""17-09-2021 [http-nio-8080-exec-6] DEBUG o.s.w.s.m.m.a.HttpEntityMethodProcessor - Using 'application/json', given [application/json] and supported [application/json, application/*+json, application/json, application/*+json]
""17-09-2021 [http-nio-8080-exec-6] DEBUG o.s.w.s.m.m.a.HttpEntityMethodProcessor - Writing [springfox.documentation.swagger.web.UiConfiguration@6d33d3cb]
""17-09-2021 [http-nio-8080-exec-6] DEBUG o.s.web.servlet.DispatcherServlet - Completed 200 OK
""17-09-2021 [http-nio-8080-exec-7] DEBUG o.s.web.servlet.DispatcherServlet - GET "/swagger-resources/configuration/security", parameters={}
""17-09-2021 [http-nio-8080-exec-7] TRACE o.s.w.s.m.m.a.RequestMappingHandlerMapping - Mapped to springfox.documentation.swagger.web.ApiResourceController#securityConfiguration()
""17-09-2021 [http-nio-8080-exec-7] DEBUG o.s.w.s.m.m.a.HttpEntityMethodProcessor - Using 'application/json', given [application/json] and supported [application/json, application/*+json, application/json, application/*+json]
""17-09-2021 [http-nio-8080-exec-7] DEBUG o.s.w.s.m.m.a.HttpEntityMethodProcessor - Writing [springfox.documentation.swagger.web.SecurityConfiguration@747a2055]
""17-09-2021 [http-nio-8080-exec-7] DEBUG o.s.web.servlet.DispatcherServlet - Completed 200 OK
""17-09-2021 [http-nio-8080-exec-8] DEBUG o.s.web.servlet.DispatcherServlet - GET "/swagger-resources", parameters={}
""17-09-2021 [http-nio-8080-exec-8] TRACE o.s.w.s.m.m.a.RequestMappingHandlerMapping - Mapped to springfox.documentation.swagger.web.ApiResourceController#swaggerResources()
""17-09-2021 [http-nio-8080-exec-8] DEBUG o.s.w.s.m.m.a.HttpEntityMethodProcessor - Using 'application/json', given [application/json] and supported [application/json, application/*+json, application/json, application/*+json]
""17-09-2021 [http-nio-8080-exec-8] DEBUG o.s.w.s.m.m.a.HttpEntityMethodProcessor - Writing [[springfox.documentation.swagger.web.SwaggerResource@55d10927]]
""17-09-2021 [http-nio-8080-exec-8] DEBUG o.s.web.servlet.DispatcherServlet - Completed 200 OK
""17-09-2021 [http-nio-8080-exec-9] DEBUG o.s.web.servlet.DispatcherServlet - GET "/v2/api-docs", parameters={}
""17-09-2021 [http-nio-8080-exec-10] DEBUG o.s.web.servlet.DispatcherServlet - GET "/", parameters={}
""17-09-2021 [http-nio-8080-exec-10] DEBUG o.s.w.s.h.SimpleUrlHandlerMapping - Mapped to ResourceHttpRequestHandler [Classpath [META-INF/resources/], Classpath [resources/], Classpath [static/], Classpath [public/], ServletContext [/]]
""17-09-2021 [http-nio-8080-exec-10] DEBUG o.s.w.s.r.ResourceHttpRequestHandler - Resource not found
""17-09-2021 [http-nio-8080-exec-10] DEBUG o.s.web.servlet.DispatcherServlet - Completed 404 NOT_FOUND
""17-09-2021 [http-nio-8080-exec-10] DEBUG o.s.web.servlet.DispatcherServlet - "ERROR" dispatch for GET "/error", parameters={}
""17-09-2021 [http-nio-8080-exec-10] TRACE o.s.w.s.m.m.a.RequestMappingHandlerMapping - 2 matching mappings: [{ [/error]}, { [/error], produces [text/html]}]
""17-09-2021 [http-nio-8080-exec-10] TRACE o.s.w.s.m.m.a.RequestMappingHandlerMapping - Mapped to org.springframework.boot.autoconfigure.web.servlet.error.BasicErrorController#error(HttpServletRequest)
""17-09-2021 [http-nio-8080-exec-10] DEBUG o.s.w.s.m.m.a.HttpEntityMethodProcessor - Using 'application/json', given [*/*] and supported [application/json, application/*+json, application/json, application/*+json]
""17-09-2021 [http-nio-8080-exec-10] DEBUG o.s.w.s.m.m.a.HttpEntityMethodProcessor - Writing [{timestamp=Fri Sep 17 08:42:00 BRT 2021, status=404, error=Not Found, path=/}]
""17-09-2021 [http-nio-8080-exec-10] DEBUG o.s.web.servlet.DispatcherServlet - Exiting from "ERROR" dispatch, status 404
""17-09-2021 [http-nio-8080-exec-1] DEBUG o.s.web.servlet.DispatcherServlet - GET "/csrf", parameters={}
""17-09-2021 [http-nio-8080-exec-1] DEBUG o.s.w.s.h.SimpleUrlHandlerMapping - Mapped to ResourceHttpRequestHandler [Classpath [META-INF/resources/], Classpath [resources/], Classpath [static/], Classpath [public/], ServletContext [/]]
""17-09-2021 [http-nio-8080-exec-1] DEBUG o.s.w.s.r.ResourceHttpRequestHandler - Resource not found
""17-09-2021 [http-nio-8080-exec-1] DEBUG o.s.web.servlet.DispatcherServlet - Completed 404 NOT_FOUND
""17-09-2021 [http-nio-8080-exec-1] DEBUG o.s.web.servlet.DispatcherServlet - "ERROR" dispatch for GET "/error", parameters={}
""17-09-2021 [http-nio-8080-exec-1] TRACE o.s.w.s.m.m.a.RequestMappingHandlerMapping - 2 matching mappings: [{ [/error]}, { [/error], produces [text/html]}]
""17-09-2021 [http-nio-8080-exec-1] TRACE o.s.w.s.m.m.a.RequestMappingHandlerMapping - Mapped to org.springframework.boot.autoconfigure.web.servlet.error.BasicErrorController#error(HttpServletRequest)
""17-09-2021 [http-nio-8080-exec-1] DEBUG o.s.w.s.m.m.a.HttpEntityMethodProcessor - Using 'application/json', given [*/*] and supported [application/json, application/*+json, application/json, application/*+json]
""17-09-2021 [http-nio-8080-exec-1] DEBUG o.s.w.s.m.m.a.HttpEntityMethodProcessor - Writing [{timestamp=Fri Sep 17 08:42:00 BRT 2021, status=404, error=Not Found, path=/csrf}]
""17-09-2021 [http-nio-8080-exec-1] DEBUG o.s.web.servlet.DispatcherServlet - Exiting from "ERROR" dispatch, status 404
""17-09-2021 [http-nio-8080-exec-9] DEBUG o.s.w.s.m.m.a.HttpEntityMethodProcessor - Using 'application/json', given [application/json, */*] and supported [application/json, application/*+json, application/json, application/*+json]
""17-09-2021 [http-nio-8080-exec-9] DEBUG o.s.w.s.m.m.a.HttpEntityMethodProcessor - Writing [springfox.documentation.spring.web.json.Json@6475bd4f]
""17-09-2021 [http-nio-8080-exec-9] DEBUG o.s.web.servlet.DispatcherServlet - Completed 200 OK
"